<?xml version="1.0" encoding="UTF-8"?>
<!-- Generated by org.testng.reporters.JUnitReportReporter -->
<testsuite skipped="0" hostname="DESKTOP-E9QUGJ2" name="testCases.GreenKart" tests="3" failures="0" timestamp="2021-04-14T01:15:00 IST" time="110.518" errors="0">
  <testcase name="addToCartFunctionality" time="36.359" classname="testCases.GreenKart"/>
  <system-out/>
  <testcase name="addToCartFunctionality" time="35.434" classname="testCases.GreenKart"/>
  <system-out/>
  <testcase name="addToCartFunctionality" time="38.725" classname="testCases.GreenKart"/>
  <system-out/>
</testsuite> <!-- testCases.GreenKart -->
