<?xml version="1.0" encoding="UTF-8"?>
<!-- Generated by org.testng.reporters.JUnitReportReporter -->
<testsuite skipped="0" hostname="DESKTOP-E9QUGJ2" name="testCases.validateBrokenLinks" tests="1" failures="0" timestamp="2021-04-14T01:08:49 IST" time="31.125" errors="0">
  <testcase name="validateLinks" time="31.125" classname="testCases.validateBrokenLinks"/>
  <system-out/>
</testsuite> <!-- testCases.validateBrokenLinks -->
